-------------------------------------------------------------------------------
Test set: shopizer.test.TestObjectAccueil
-------------------------------------------------------------------------------
Tests run: 2, Failures: 0, Errors: 2, Skipped: 0, Time elapsed: 0 sec <<< FAILURE! - in shopizer.test.TestObjectAccueil
test(shopizer.test.TestObjectAccueil)  Time elapsed: 0 sec  <<< ERROR!
java.lang.NullPointerException: null
	at shopizer.tools.Outils.choisirNavigateur(Outils.java:40)
	at shopizer.test.TestObjectAccueil.setUp(TestObjectAccueil.java:29)

test(shopizer.test.TestObjectAccueil)  Time elapsed: 0 sec  <<< ERROR!
java.lang.NullPointerException: null
	at shopizer.test.TestObjectAccueil.tearDown(TestObjectAccueil.java:50)

